[2025-08-10 16:02:47] === NEW REQUEST STARTED ===
--------------------------------------------------
[2025-08-10 16:02:47] REQUEST METHOD
Data: POST
--------------------------------------------------
[2025-08-10 16:02:47] POST DATA
Data: Array
(
)

--------------------------------------------------
[2025-08-10 16:02:47] GET DATA
Data: Array
(
    [action] => delete_group
    [section] => INF221
    [academic_year] => 2024-2025
    [term] => 1st Term
    [course_code] => 23_T1_CTAPROJ1
    [faculty_id] => 101
    [room] => Room 101
)

--------------------------------------------------
[2025-08-10 16:02:47] ACTION
Data: delete_group
--------------------------------------------------
[2025-08-10 16:02:47] === REQUEST COMPLETED ===
--------------------------------------------------
