[2025-11-23T07:16:00+01:00] generate_car_html.php started
[2025-11-23T07:18:03+01:00] generate_car_html.php started
[2025-11-23T07:18:41+01:00] generate_car_html.php started
[2025-11-23T07:18:41+01:00] class lookup done: 114
[2025-11-23T07:18:41+01:00] grade distribution calculated
[2025-11-23T07:18:41+01:00] co performance rows: 3
[2025-11-23T07:18:41+01:00] course outcomes found: 3
[2025-11-23T07:19:46+01:00] generate_car_html.php started
[2025-11-23T07:19:46+01:00] class lookup done: 114
[2025-11-23T07:19:46+01:00] grade distribution calculated
[2025-11-23T07:19:46+01:00] co performance rows: 3
[2025-11-23T07:19:46+01:00] course outcomes found: 3
[2025-11-23T07:19:46+01:00] inc Students: 1
[2025-11-23T07:19:46+01:00] final html length=13327
[2025-11-23T07:19:46+01:00] html head=<!DOCTYPE html><html><head><meta charset="UTF-8"><title>CAR - 24_T2_CCPRGG1L_INF222</title><style>@page { size:A4 landscape; margin:15mm;} body{font-family:Calibri,Arial,sans-serif;font-size:10pt;line
[2025-11-23T07:20:41+01:00] generate_car_html.php started
[2025-11-23T07:20:41+01:00] class lookup done: 114
[2025-11-23T07:20:41+01:00] grade distribution calculated
[2025-11-23T07:20:41+01:00] co performance rows: 3
[2025-11-23T07:20:41+01:00] course outcomes found: 3
[2025-11-23T07:20:41+01:00] inc Students: 1
[2025-11-23T07:20:41+01:00] final html length=13327
[2025-11-23T07:20:41+01:00] html head=<!DOCTYPE html><html><head><meta charset="UTF-8"><title>CAR - 24_T2_CCPRGG1L_INF222</title><style>@page { size:A4 landscape; margin:15mm;} body{font-family:Calibri,Arial,sans-serif;font-size:10pt;line
